<?xml version="1.0" encoding="UTF-8" standalone="yes"?><world><name>Capitalisto</name><logo>icones/logo2.png</logo><money>-594.6869218749998</money><score>0.0</score><totalangels>0.0</totalangels><activeangels>0.0</activeangels><angelbonus>2</angelbonus><lastupdate>1647251798113</lastupdate><products><product><id>1</id><name>Poussin</name><logo>icones/poussin.png</logo><cout>5.0</cout><croissance>1.07</croissance><revenu>1.0</revenu><vitesse>500</vitesse><quantite>1</quantite><timeleft>0</timeleft><managerUnlocked>false</managerUnlocked><palliers><pallier><name>Marcher sur des oeufs</name><logo>icones/poussin.png</logo><seuil>20</seuil><idcible>1</idcible><ratio>2.0</ratio><typeratio>vitesse</typeratio><unlocked>false</unlocked></pallier></palliers></product><product><id>2</id><name>Poule</name><logo>icones/poule.png</logo><cout>50.0</cout><croissance>1.15</croissance><revenu>55.0</revenu><vitesse>2000</vitesse><quantite>4</quantite><timeleft>0</timeleft><managerUnlocked>false</managerUnlocked><palliers><pallier><name>Poule mouillée</name><logo>icones/poule.png</logo><seuil>20</seuil><idcible>2</idcible><ratio>2.0</ratio><typeratio>vitesse</typeratio><unlocked>false</unlocked></pallier></palliers></product><product><id>3</id><name>Canard</name><logo>icones/canard.png</logo><cout>650.0</cout><croissance>1.21</croissance><revenu>800.0</revenu><vitesse>5000</vitesse><quantite>0</quantite><timeleft>0</timeleft><managerUnlocked>false</managerUnlocked><palliers><pallier><name>Canard boiteux</name><logo>icones/canard.png</logo><seuil>20</seuil><idcible>3</idcible><ratio>2.0</ratio><typeratio>vitesse</typeratio><unlocked>false</unlocked></pallier></palliers></product><product><id>4</id><name>Mouton</name><logo>icones/mouton.png</logo><cout>5000.0</cout><croissance>1.16</croissance><revenu>6500.0</revenu><vitesse>10000</vitesse><quantite>0</quantite><timeleft>0</timeleft><managerUnlocked>false</managerUnlocked><palliers><pallier><name>Compter les moutons</name><logo>icones/mouton.png</logo><seuil>20</seuil><idcible>4</idcible><ratio>2.0</ratio><typeratio>vitesse</typeratio><unlocked>true</unlocked></pallier></palliers></product><product><id>5</id><name>Vache</name><logo>icones/vache.png</logo><cout>50000.0</cout><croissance>1.2</croissance><revenu>26050.0</revenu><vitesse>25000</vitesse><quantite>0</quantite><timeleft>0</timeleft><managerUnlocked>false</managerUnlocked><palliers><pallier><name>Vache à lait</name><logo>icones/vache.png</logo><seuil>20</seuil><idcible>5</idcible><ratio>2.0</ratio><typeratio>vitesse</typeratio><unlocked>true</unlocked></pallier></palliers></product><product><id>6</id><name>Cerf</name><logo>icones/cerf.png</logo><cout>250000.0</cout><croissance>1.3</croissance><revenu>95000.0</revenu><vitesse>50000</vitesse><quantite>0</quantite><timeleft>0</timeleft><managerUnlocked>false</managerUnlocked><palliers><pallier><name>Cerf-volant</name><logo>icones/cerf.png</logo><seuil>20</seuil><idcible>6</idcible><ratio>2.0</ratio><typeratio>vitesse</typeratio><unlocked>true</unlocked></pallier></palliers></product></products><allunlocks><pallier><name>str1234</name><logo>str1234</logo><seuil>123</seuil><idcible>123</idcible><ratio>3.1415926535</ratio><typeratio>vitesse</typeratio><unlocked>true</unlocked></pallier></allunlocks><upgrades><pallier><name>str1234</name><logo>str1234</logo><seuil>123</seuil><idcible>123</idcible><ratio>3.1415926535</ratio><typeratio>vitesse</typeratio><unlocked>true</unlocked></pallier></upgrades><angelupgrades><pallier><name>str1234</name><logo>str1234</logo><seuil>123</seuil><idcible>123</idcible><ratio>3.1415926535</ratio><typeratio>vitesse</typeratio><unlocked>true</unlocked></pallier></angelupgrades><managers><pallier><name>John Doeuf</name><logo>icones/doeuf.png</logo><seuil>0</seuil><idcible>1</idcible><ratio>0.0</ratio><typeratio>gain</typeratio><unlocked>false</unlocked></pallier><pallier><name>Harland David Sanders</name><logo>icones/sanders.png</logo><seuil>0</seuil><idcible>2</idcible><ratio>0.0</ratio><typeratio>gain</typeratio><unlocked>false</unlocked></pallier><pallier><name>Marc Gret</name><logo>icones/gret.png</logo><seuil>0</seuil><idcible>3</idcible><ratio>0.0</ratio><typeratio>gain</typeratio><unlocked>false</unlocked></pallier><pallier><name>Hélaine Tricot</name><logo>icones/tricot.png</logo><seuil>0</seuil><idcible>4</idcible><ratio>0.0</ratio><typeratio>gain</typeratio><unlocked>false</unlocked></pallier><pallier><name>Yuku Lélait</name><logo>icones/lelait.png</logo><seuil>0</seuil><idcible>5</idcible><ratio>0.0</ratio><typeratio>gain</typeratio><unlocked>false</unlocked></pallier><pallier><name>Terry Nedcer</name><logo>icones/nedcer.png</logo><seuil>0</seuil><idcible>6</idcible><ratio>0.0</ratio><typeratio>gain</typeratio><unlocked>false</unlocked></pallier></managers></world>